<?xml version="1.0" encoding="UTF-8"?>
<testsuites name="jest tests" tests="66" failures="0" errors="0" time="5.864">
  <testsuite name="Domain/Coverage - Coverage Entity" errors="0" failures="0" skipped="0" timestamp="2026-04-20T19:07:37" time="3.273" tests="12">
    <testcase classname="Domain/Coverage - Coverage Entity create() should create coverage with all required fields" name="Domain/Coverage - Coverage Entity create() should create coverage with all required fields" time="0.008">
    </testcase>
    <testcase classname="Domain/Coverage - Coverage Entity create() should create coverage with null baseRate for mandatory" name="Domain/Coverage - Coverage Entity create() should create coverage with null baseRate for mandatory" time="0.001">
    </testcase>
    <testcase classname="Domain/Coverage - Coverage Entity createMandatory() should create mandatory coverage with factory method" name="Domain/Coverage - Coverage Entity createMandatory() should create mandatory coverage with factory method" time="0.001">
    </testcase>
    <testcase classname="Domain/Coverage - Coverage Entity createOptional() should create optional coverage with factory method" name="Domain/Coverage - Coverage Entity createOptional() should create optional coverage with factory method" time="0">
    </testcase>
    <testcase classname="Domain/Coverage - Coverage Entity validate coverage type should validate MANDATORY coverage type" name="Domain/Coverage - Coverage Entity validate coverage type should validate MANDATORY coverage type" time="0">
    </testcase>
    <testcase classname="Domain/Coverage - Coverage Entity validate coverage type should validate OPTIONAL coverage type" name="Domain/Coverage - Coverage Entity validate coverage type should validate OPTIONAL coverage type" time="0.001">
    </testcase>
    <testcase classname="Domain/Coverage - Coverage Entity validate coverage type should validate all coverage code enums" name="Domain/Coverage - Coverage Entity validate coverage type should validate all coverage code enums" time="0.001">
    </testcase>
    <testcase classname="Domain/Coverage - Coverage Entity calculate premium contribution should calculate premium for coverage with baseRate" name="Domain/Coverage - Coverage Entity calculate premium contribution should calculate premium for coverage with baseRate" time="0">
    </testcase>
    <testcase classname="Domain/Coverage - Coverage Entity calculate premium contribution should return 0 premium for mandatory coverage with null baseRate" name="Domain/Coverage - Coverage Entity calculate premium contribution should return 0 premium for mandatory coverage with null baseRate" time="0.001">
    </testcase>
    <testcase classname="Domain/Coverage - Coverage Entity calculate premium contribution should calculate combined premium for multiple coverages" name="Domain/Coverage - Coverage Entity calculate premium contribution should calculate combined premium for multiple coverages" time="0">
    </testcase>
    <testcase classname="Domain/Coverage - Coverage Entity activate() and deactivate() should deactivate coverage" name="Domain/Coverage - Coverage Entity activate() and deactivate() should deactivate coverage" time="0">
    </testcase>
    <testcase classname="Domain/Coverage - Coverage Entity activate() and deactivate() should reactivate coverage" name="Domain/Coverage - Coverage Entity activate() and deactivate() should reactivate coverage" time="0.001">
    </testcase>
  </testsuite>
  <testsuite name="Application/Coverage - GetCoveragesUseCase" errors="0" failures="0" skipped="0" timestamp="2026-04-20T19:07:37" time="3.59" tests="10">
    <testcase classname="Application/Coverage - GetCoveragesUseCase execute() should return all coverages grouped by type" name="Application/Coverage - GetCoveragesUseCase execute() should return all coverages grouped by type" time="0.01">
    </testcase>
    <testcase classname="Application/Coverage - GetCoveragesUseCase execute() should return mandatory coverages first" name="Application/Coverage - GetCoveragesUseCase execute() should return mandatory coverages first" time="0.002">
    </testcase>
    <testcase classname="Application/Coverage - GetCoveragesUseCase execute() should return optional coverages second" name="Application/Coverage - GetCoveragesUseCase execute() should return optional coverages second" time="0">
    </testcase>
    <testcase classname="Application/Coverage - GetCoveragesUseCase execute() should include all 8 coverages from repository" name="Application/Coverage - GetCoveragesUseCase execute() should include all 8 coverages from repository" time="0.001">
    </testcase>
    <testcase classname="Application/Coverage - GetCoveragesUseCase execute() should handle repository errors gracefully" name="Application/Coverage - GetCoveragesUseCase execute() should handle repository errors gracefully" time="0.013">
    </testcase>
    <testcase classname="Application/Coverage - GetCoveragesUseCase execute() should return empty arrays when no coverages exist" name="Application/Coverage - GetCoveragesUseCase execute() should return empty arrays when no coverages exist" time="0.001">
    </testcase>
    <testcase classname="Application/Coverage - GetCoveragesUseCase execute() should return only mandatory when no optional exist" name="Application/Coverage - GetCoveragesUseCase execute() should return only mandatory when no optional exist" time="0.001">
    </testcase>
    <testcase classname="Application/Coverage - GetCoveragesUseCase execute() should return only optional when no mandatory exist" name="Application/Coverage - GetCoveragesUseCase execute() should return only optional when no mandatory exist" time="0">
    </testcase>
    <testcase classname="Application/Coverage - GetCoveragesUseCase execute() should map coverage properties correctly to DTO" name="Application/Coverage - GetCoveragesUseCase execute() should map coverage properties correctly to DTO" time="0.001">
    </testcase>
    <testcase classname="Application/Coverage - GetCoveragesUseCase execute() should handle inactive coverages" name="Application/Coverage - GetCoveragesUseCase execute() should handle inactive coverages" time="0.001">
    </testcase>
  </testsuite>
  <testsuite name="Infrastructure/Coverage - CoverageMapper" errors="0" failures="0" skipped="0" timestamp="2026-04-20T19:07:37" time="3.749" tests="14">
    <testcase classname="Infrastructure/Coverage - CoverageMapper toDomain() should map TypeORM entity to domain coverage" name="Infrastructure/Coverage - CoverageMapper toDomain() should map TypeORM entity to domain coverage" time="0.007">
    </testcase>
    <testcase classname="Infrastructure/Coverage - CoverageMapper toDomain() should map optional coverage with baseRate" name="Infrastructure/Coverage - CoverageMapper toDomain() should map optional coverage with baseRate" time="0.001">
    </testcase>
    <testcase classname="Infrastructure/Coverage - CoverageMapper toDomain() should map all coverage codes" name="Infrastructure/Coverage - CoverageMapper toDomain() should map all coverage codes" time="0.001">
    </testcase>
    <testcase classname="Infrastructure/Coverage - CoverageMapper toTypeOrm() should map domain coverage to TypeORM entity" name="Infrastructure/Coverage - CoverageMapper toTypeOrm() should map domain coverage to TypeORM entity" time="0.001">
    </testcase>
    <testcase classname="Infrastructure/Coverage - CoverageMapper toTypeOrm() should map optional coverage to TypeORM entity" name="Infrastructure/Coverage - CoverageMapper toTypeOrm() should map optional coverage to TypeORM entity" time="0.001">
    </testcase>
    <testcase classname="Infrastructure/Coverage - CoverageMapper toTypeOrm() should map deactivated coverage" name="Infrastructure/Coverage - CoverageMapper toTypeOrm() should map deactivated coverage" time="0">
    </testcase>
    <testcase classname="Infrastructure/Coverage - CoverageMapper toDomainList() should map list of TypeORM entities to domain coverages" name="Infrastructure/Coverage - CoverageMapper toDomainList() should map list of TypeORM entities to domain coverages" time="0.001">
    </testcase>
    <testcase classname="Infrastructure/Coverage - CoverageMapper toDomainList() should handle empty list" name="Infrastructure/Coverage - CoverageMapper toDomainList() should handle empty list" time="0.001">
    </testcase>
    <testcase classname="Infrastructure/Coverage - CoverageMapper toDomainList() should handle single item list" name="Infrastructure/Coverage - CoverageMapper toDomainList() should handle single item list" time="0">
    </testcase>
    <testcase classname="Infrastructure/Coverage - CoverageMapper toTypeOrmList() should map list of domain coverages to TypeORM entities" name="Infrastructure/Coverage - CoverageMapper toTypeOrmList() should map list of domain coverages to TypeORM entities" time="0">
    </testcase>
    <testcase classname="Infrastructure/Coverage - CoverageMapper toTypeOrmList() should handle empty list" name="Infrastructure/Coverage - CoverageMapper toTypeOrmList() should handle empty list" time="0.001">
    </testcase>
    <testcase classname="Infrastructure/Coverage - CoverageMapper handle null/undefined values should handle null baseRate in toDomain" name="Infrastructure/Coverage - CoverageMapper handle null/undefined values should handle null baseRate in toDomain" time="0">
    </testcase>
    <testcase classname="Infrastructure/Coverage - CoverageMapper handle null/undefined values should preserve all fields during bidirectional mapping" name="Infrastructure/Coverage - CoverageMapper handle null/undefined values should preserve all fields during bidirectional mapping" time="0.001">
    </testcase>
    <testcase classname="Infrastructure/Coverage - CoverageMapper handle null/undefined values should handle all coverage types in list mapping" name="Infrastructure/Coverage - CoverageMapper handle null/undefined values should handle all coverage types in list mapping" time="0.001">
    </testcase>
  </testsuite>
  <testsuite name="Presentation/Coverage - CoverageController" errors="0" failures="0" skipped="0" timestamp="2026-04-20T19:07:37" time="4.067" tests="11">
    <testcase classname="Presentation/Coverage - CoverageController GET /api/v1/coverages should return grouped coverages" name="Presentation/Coverage - CoverageController GET /api/v1/coverages should return grouped coverages" time="0.027">
    </testcase>
    <testcase classname="Presentation/Coverage - CoverageController GET /api/v1/coverages should handle errors when fetching coverages" name="Presentation/Coverage - CoverageController GET /api/v1/coverages should handle errors when fetching coverages" time="0.014">
    </testcase>
    <testcase classname="Presentation/Coverage - CoverageController GET /api/v1/quotes/:id/coverages should return selected coverages for a quote" name="Presentation/Coverage - CoverageController GET /api/v1/quotes/:id/coverages should return selected coverages for a quote" time="0.002">
    </testcase>
    <testcase classname="Presentation/Coverage - CoverageController GET /api/v1/quotes/:id/coverages should return 404 if quote not found" name="Presentation/Coverage - CoverageController GET /api/v1/quotes/:id/coverages should return 404 if quote not found" time="0.001">
    </testcase>
    <testcase classname="Presentation/Coverage - CoverageController GET /api/v1/quotes/:id/coverages should handle empty coverages for quote" name="Presentation/Coverage - CoverageController GET /api/v1/quotes/:id/coverages should handle empty coverages for quote" time="0.002">
    </testcase>
    <testcase classname="Presentation/Coverage - CoverageController PATCH /api/v1/quotes/:id/coverages should update selection and return 200 with updated data and calculated premium" name="Presentation/Coverage - CoverageController PATCH /api/v1/quotes/:id/coverages should update selection and return 200 with updated data and calculated premium" time="0.002">
    </testcase>
    <testcase classname="Presentation/Coverage - CoverageController PATCH /api/v1/quotes/:id/coverages should return 404 if quote not found on update" name="Presentation/Coverage - CoverageController PATCH /api/v1/quotes/:id/coverages should return 404 if quote not found on update" time="0.001">
    </testcase>
    <testcase classname="Presentation/Coverage - CoverageController PATCH /api/v1/quotes/:id/coverages should return 400 for invalid coverage codes" name="Presentation/Coverage - CoverageController PATCH /api/v1/quotes/:id/coverages should return 400 for invalid coverage codes" time="0.002">
    </testcase>
    <testcase classname="Presentation/Coverage - CoverageController PATCH /api/v1/quotes/:id/coverages should handle update with only mandatory coverages" name="Presentation/Coverage - CoverageController PATCH /api/v1/quotes/:id/coverages should handle update with only mandatory coverages" time="0.002">
    </testcase>
    <testcase classname="Presentation/Coverage - CoverageController PATCH /api/v1/quotes/:id/coverages should handle update with all optional coverages selected" name="Presentation/Coverage - CoverageController PATCH /api/v1/quotes/:id/coverages should handle update with all optional coverages selected" time="0.002">
    </testcase>
    <testcase classname="Presentation/Coverage - CoverageController PATCH /api/v1/quotes/:id/coverages should log operations via StructuredLogger" name="Presentation/Coverage - CoverageController PATCH /api/v1/quotes/:id/coverages should log operations via StructuredLogger" time="0.002">
    </testcase>
  </testsuite>
  <testsuite name="Application/Coverage - UpdateQuoteCoveragesUseCase" errors="0" failures="0" skipped="0" timestamp="2026-04-20T19:07:37" time="4.997" tests="10">
    <testcase classname="Application/Coverage - UpdateQuoteCoveragesUseCase execute() should update selected coverages for a quote" name="Application/Coverage - UpdateQuoteCoveragesUseCase execute() should update selected coverages for a quote" time="0.008">
    </testcase>
    <testcase classname="Application/Coverage - UpdateQuoteCoveragesUseCase execute() should always include mandatory coverages even if not in request" name="Application/Coverage - UpdateQuoteCoveragesUseCase execute() should always include mandatory coverages even if not in request" time="0.002">
    </testcase>
    <testcase classname="Application/Coverage - UpdateQuoteCoveragesUseCase execute() should validate coverage codes exist" name="Application/Coverage - UpdateQuoteCoveragesUseCase execute() should validate coverage codes exist" time="0.018">
    </testcase>
    <testcase classname="Application/Coverage - UpdateQuoteCoveragesUseCase execute() should throw NotFoundException if quote does not exist" name="Application/Coverage - UpdateQuoteCoveragesUseCase execute() should throw NotFoundException if quote does not exist" time="0.001">
    </testcase>
    <testcase classname="Application/Coverage - UpdateQuoteCoveragesUseCase execute() should throw BadRequestException for invalid coverage codes" name="Application/Coverage - UpdateQuoteCoveragesUseCase execute() should throw BadRequestException for invalid coverage codes" time="0.001">
    </testcase>
    <testcase classname="Application/Coverage - UpdateQuoteCoveragesUseCase execute() should throw BadRequestException if mandatory coverages are missing" name="Application/Coverage - UpdateQuoteCoveragesUseCase execute() should throw BadRequestException if mandatory coverages are missing" time="0.001">
    </testcase>
    <testcase classname="Application/Coverage - UpdateQuoteCoveragesUseCase execute() should calculate premium after update" name="Application/Coverage - UpdateQuoteCoveragesUseCase execute() should calculate premium after update" time="0.002">
    </testcase>
    <testcase classname="Application/Coverage - UpdateQuoteCoveragesUseCase execute() should handle selecting all optional coverages" name="Application/Coverage - UpdateQuoteCoveragesUseCase execute() should handle selecting all optional coverages" time="0.001">
    </testcase>
    <testcase classname="Application/Coverage - UpdateQuoteCoveragesUseCase execute() should handle empty optional selection (only mandatory)" name="Application/Coverage - UpdateQuoteCoveragesUseCase execute() should handle empty optional selection (only mandatory)" time="0.001">
    </testcase>
    <testcase classname="Application/Coverage - UpdateQuoteCoveragesUseCase execute() should call updateQuoteCoverages with correct coverage IDs" name="Application/Coverage - UpdateQuoteCoveragesUseCase execute() should call updateQuoteCoverages with correct coverage IDs" time="0.001">
    </testcase>
  </testsuite>
  <testsuite name="Application/Coverage - CalculatePremiumUseCase" errors="0" failures="0" skipped="0" timestamp="2026-04-20T19:07:37" time="5.074" tests="9">
    <testcase classname="Application/Coverage - CalculatePremiumUseCase execute() should calculate premium for mandatory coverages only" name="Application/Coverage - CalculatePremiumUseCase execute() should calculate premium for mandatory coverages only" time="0.005">
    </testcase>
    <testcase classname="Application/Coverage - CalculatePremiumUseCase execute() should calculate premium including optional coverages" name="Application/Coverage - CalculatePremiumUseCase execute() should calculate premium including optional coverages" time="0">
    </testcase>
    <testcase classname="Application/Coverage - CalculatePremiumUseCase execute() should use baseRate * sum(property values) formula" name="Application/Coverage - CalculatePremiumUseCase execute() should use baseRate * sum(property values) formula" time="0">
    </testcase>
    <testcase classname="Application/Coverage - CalculatePremiumUseCase execute() should return 0 breakdown if no coverages selected" name="Application/Coverage - CalculatePremiumUseCase execute() should return 0 breakdown if no coverages selected" time="0.001">
    </testcase>
    <testcase classname="Application/Coverage - CalculatePremiumUseCase execute() should handle multiple properties" name="Application/Coverage - CalculatePremiumUseCase execute() should handle multiple properties" time="0.001">
    </testcase>
    <testcase classname="Application/Coverage - CalculatePremiumUseCase execute() should calculate correct premium: FIRE (0.002) + CAT (0.0015) on $1,000,000 = $3,500" name="Application/Coverage - CalculatePremiumUseCase execute() should calculate correct premium: FIRE (0.002) + CAT (0.0015) on $1,000,000 = $3,500" time="0">
    </testcase>
    <testcase classname="Application/Coverage - CalculatePremiumUseCase execute() should throw NotFoundException if no properties found for quote" name="Application/Coverage - CalculatePremiumUseCase execute() should throw NotFoundException if no properties found for quote" time="0.013">
    </testcase>
    <testcase classname="Application/Coverage - CalculatePremiumUseCase execute() should handle properties with zero insured values" name="Application/Coverage - CalculatePremiumUseCase execute() should handle properties with zero insured values" time="0.001">
    </testcase>
    <testcase classname="Application/Coverage - CalculatePremiumUseCase execute() should calculate breakdown for each optional coverage" name="Application/Coverage - CalculatePremiumUseCase execute() should calculate breakdown for each optional coverage" time="0">
    </testcase>
  </testsuite>
</testsuites>